[2025-09-09 00:57:33] ✅ Usunięto: Arrow – S01E01 Pilot (episode) – Z:\Plex\Seriale\Arrow Season 1 Complete 720p BluRay x264 [i_c]\Arrow S01E01 Pilot.mkv
[2025-09-09 00:57:37] ✅ Usunięto: Arrow – S01E02 Czcij ojca swego (episode) – Z:\Plex\Seriale\Arrow Season 1 Complete 720p BluRay x264 [i_c]\Arrow S01E02 Honor Thy Father.mkv
[2025-09-09 00:57:40] ✅ Usunięto: Arrow – S01E03 Samotny strzelec (episode) – Z:\Plex\Seriale\Arrow Season 1 Complete 720p BluRay x264 [i_c]\Arrow S01E03 Lone Gunmen.mkv
[2025-09-09 00:57:42] ✅ Usunięto: Arrow – S01E04 Niewinny człowiek (episode) – Z:\Plex\Seriale\Arrow Season 1 Complete 720p BluRay x264 [i_c]\Arrow S01E04 An Innocent Man.mkv
[2025-09-09 00:57:44] ✅ Usunięto: Arrow – S01E05 Urazy (episode) – Z:\Plex\Seriale\Arrow Season 1 Complete 720p BluRay x264 [i_c]\Arrow S01E05 Damaged.mkv
[2025-09-09 00:57:45] ✅ Usunięto: Arrow – S01E06 Spuścizna (episode) – Z:\Plex\Seriale\Arrow Season 1 Complete 720p BluRay x264 [i_c]\Arrow S01E06 Legacies.mkv
[2025-09-09 00:57:46] ✅ Usunięto: Arrow – S01E07 Muza ognia (episode) – Z:\Plex\Seriale\Arrow Season 1 Complete 720p BluRay x264 [i_c]\Arrow S01E07 Muse of Fire.mkv
[2025-09-09 00:57:48] ✅ Usunięto: Arrow – S01E08 Vendetta (episode) – Z:\Plex\Seriale\Arrow Season 1 Complete 720p BluRay x264 [i_c]\Arrow S01E08 Vendetta.mkv
[2025-09-09 00:57:49] ✅ Usunięto: Arrow – S01E09 Koniec roku (episode) – Z:\Plex\Seriale\Arrow Season 1 Complete 720p BluRay x264 [i_c]\Arrow S01E09 Year's End.mkv
[2025-09-09 00:57:50] ✅ Usunięto: Arrow – S01E10 Spalony (episode) – Z:\Plex\Seriale\Arrow Season 1 Complete 720p BluRay x264 [i_c]\Arrow S01E10 Burned.mkv
[2025-09-09 00:57:51] ✅ Usunięto: Arrow – S01E11 Ufaj, ale sprawdzaj (episode) – Z:\Plex\Seriale\Arrow Season 1 Complete 720p BluRay x264 [i_c]\Arrow S01E11 Trust But Verify.mkv
[2025-09-09 00:57:53] ✅ Usunięto: Arrow – S01E12 Vertigo (episode) – Z:\Plex\Seriale\Arrow Season 1 Complete 720p BluRay x264 [i_c]\Arrow S01E12 Vertigo.mkv
[2025-09-09 00:57:54] ✅ Usunięto: Arrow – S01E13 Zdrada (episode) – Z:\Plex\Seriale\Arrow Season 1 Complete 720p BluRay x264 [i_c]\Arrow S01E13 Betrayal.mkv
[2025-09-09 00:57:55] ✅ Usunięto: Arrow – S01E14 Odyseja (episode) – Z:\Plex\Seriale\Arrow Season 1 Complete 720p BluRay x264 [i_c]\Arrow S01E14 The Odyssey.mkv
[2025-09-09 00:57:56] ✅ Usunięto: Arrow – S01E15 Złodziej zwany Dodgerem (episode) – Z:\Plex\Seriale\Arrow Season 1 Complete 720p BluRay x264 [i_c]\Arrow S01E15 Dodger.mkv
[2025-09-09 00:57:57] ✅ Usunięto: Arrow – S01E16 Na celowniku (episode) – Z:\Plex\Seriale\Arrow Season 1 Complete 720p BluRay x264 [i_c]\Arrow S01E16 Dead to Rights.mkv
[2025-09-09 00:57:57] ✅ Usunięto: Arrow – S01E17 Powrót Łowczyni (episode) – Z:\Plex\Seriale\Arrow Season 1 Complete 720p BluRay x264 [i_c]\Arrow S01E17 The Huntress Returns.mkv
[2025-09-09 00:57:59] ✅ Usunięto: Arrow – S01E18 Zbawienie (episode) – Z:\Plex\Seriale\Arrow Season 1 Complete 720p BluRay x264 [i_c]\Arrow S01E18 Salvation.mkv
[2025-09-09 00:58:00] ✅ Usunięto: Arrow – S01E19 Niedokończone sprawy (episode) – Z:\Plex\Seriale\Arrow Season 1 Complete 720p BluRay x264 [i_c]\Arrow S01E19 Unfinished Business.mkv
[2025-09-09 00:58:01] ✅ Usunięto: Arrow – S01E20 Zbrodniczy zamiar (episode) – Z:\Plex\Seriale\Arrow Season 1 Complete 720p BluRay x264 [i_c]\Arrow S01E20 Home Invasion.mkv
[2025-09-09 00:58:03] ✅ Usunięto: Arrow – S01E21 Przedsięwzięcie (episode) – Z:\Plex\Seriale\Arrow Season 1 Complete 720p BluRay x264 [i_c]\Arrow S01E21 The Undertaking.mkv
[2025-09-09 00:58:03] ✅ Usunięto: Arrow – S01E22 Mrok na skraju miasta (episode) – Z:\Plex\Seriale\Arrow Season 1 Complete 720p BluRay x264 [i_c]\Arrow S01E22 Darkness on the Edge of Town.mkv
[2025-09-09 00:58:04] ✅ Usunięto: Arrow – S01E23 Poświęcenie (episode) – Z:\Plex\Seriale\Arrow Season 1 Complete 720p BluRay x264 [i_c]\Arrow S01E23 Sacrifice.mkv
[2025-09-09 00:58:05] ✅ Usunięto: Arrow – S02E01 Miasto bohaterów (episode) – Z:\Plex\Seriale\Arrow Season 2 Complete 720p BluRay x264 [i_c]\Arrow S02e01 City Of Heroes.mkv
[2025-09-09 00:58:07] ✅ Usunięto: Arrow – S02E02 Tożsamość (episode) – Z:\Plex\Seriale\Arrow Season 2 Complete 720p BluRay x264 [i_c]\Arrow S02e02 Identity.mkv
[2025-09-09 00:58:08] ✅ Usunięto: Arrow – S02E03 Zepsute lalki (episode) – Z:\Plex\Seriale\Arrow Season 2 Complete 720p BluRay x264 [i_c]\Arrow S02e03 Broken Dolls.mkv
[2025-09-09 00:58:09] ✅ Usunięto: Arrow – S02E04 Tygiel (episode) – Z:\Plex\Seriale\Arrow Season 2 Complete 720p BluRay x264 [i_c]\Arrow S02e04 Crucible.mkv
[2025-09-09 00:58:10] ✅ Usunięto: Arrow – S02E05 Liga zabójców (episode) – Z:\Plex\Seriale\Arrow Season 2 Complete 720p BluRay x264 [i_c]\Arrow S02e05 League Of Assassins.mkv
[2025-09-09 00:58:12] ✅ Usunięto: Arrow – S02E06 Wrogów trzymaj blisko (episode) – Z:\Plex\Seriale\Arrow Season 2 Complete 720p BluRay x264 [i_c]\Arrow S02e06 Keep Your Enemies Closer.mkv
[2025-09-09 00:58:13] ✅ Usunięto: Arrow – S02E07 Proces Moiry Queen (episode) – Z:\Plex\Seriale\Arrow Season 2 Complete 720p BluRay x264 [i_c]\Arrow S02e07 State V. Queen.mkv
[2025-09-09 00:58:14] ✅ Usunięto: Arrow – S02E08 Naukowiec (episode) – Z:\Plex\Seriale\Arrow Season 2 Complete 720p BluRay x264 [i_c]\Arrow S02e08 The Scientist.mkv
[2025-09-09 00:58:15] ✅ Usunięto: Arrow – S02E09 Trzy duchy (episode) – Z:\Plex\Seriale\Arrow Season 2 Complete 720p BluRay x264 [i_c]\Arrow S02e09 Three Ghosts.mkv
[2025-09-09 00:58:16] ✅ Usunięto: Arrow – S02E10 Promień rażenia (episode) – Z:\Plex\Seriale\Arrow Season 2 Complete 720p BluRay x264 [i_c]\Arrow S02e10 Blast Radius.mkv
[2025-09-09 00:58:17] ✅ Usunięto: Arrow – S02E11 Ślepy punkt (episode) – Z:\Plex\Seriale\Arrow Season 2 Complete 720p BluRay x264 [i_c]\Arrow S02e11 Blind Spot.mkv
[2025-09-09 00:58:18] ✅ Usunięto: Arrow – S02E12 Wstrząsy (episode) – Z:\Plex\Seriale\Arrow Season 2 Complete 720p BluRay x264 [i_c]\Arrow S02e12 Tremors.mkv
[2025-09-09 00:58:19] ✅ Usunięto: Arrow – S02E13 Potomstwo demonów (episode) – Z:\Plex\Seriale\Arrow Season 2 Complete 720p BluRay x264 [i_c]\Arrow S02e13 Heir To The Demon.mkv
[2025-09-09 00:58:20] ✅ Usunięto: Arrow – S02E14 Czas zgonu (episode) – Z:\Plex\Seriale\Arrow Season 2 Complete 720p BluRay x264 [i_c]\Arrow S02e14 Time Of Death.mkv
[2025-09-09 00:58:21] ✅ Usunięto: Arrow – S02E15 Obietnica (episode) – Z:\Plex\Seriale\Arrow Season 2 Complete 720p BluRay x264 [i_c]\Arrow S02e15 The Promise.mkv
[2025-09-09 00:58:23] ✅ Usunięto: Arrow – S02E16 Drużyna samobójców (episode) – Z:\Plex\Seriale\Arrow Season 2 Complete 720p BluRay x264 [i_c]\Arrow S02e16 Suicide Squad.mkv
[2025-09-09 00:58:24] ✅ Usunięto: Arrow – S02E17 Drapieżne ptaki (episode) – Z:\Plex\Seriale\Arrow Season 2 Complete 720p BluRay x264 [i_c]\Arrow S02e17 Birds Of Prey.mkv
[2025-09-09 00:58:25] ✅ Usunięto: Arrow – S02E18 Deathstroke (episode) – Z:\Plex\Seriale\Arrow Season 2 Complete 720p BluRay x264 [i_c]\Arrow S02e18 Deathstroke.mkv
[2025-09-09 00:58:26] ✅ Usunięto: Arrow – S02E19 Człowiek w kapturze (episode) – Z:\Plex\Seriale\Arrow Season 2 Complete 720p BluRay x264 [i_c]\Arrow S02e19 The Man Under The Hood.mkv
[2025-09-09 00:58:27] ✅ Usunięto: Arrow – S02E20 Pomroczność (episode) – Z:\Plex\Seriale\Arrow Season 2 Complete 720p BluRay x264 [i_c]\Arrow S02e20 Seeing Red.mkv
[2025-09-09 00:58:28] ✅ Usunięto: Arrow – S02E21 Triumf Blooda (episode) – Z:\Plex\Seriale\Arrow Season 2 Complete 720p BluRay x264 [i_c]\Arrow S02e21 City Of Blood.mkv
[2025-09-09 00:58:29] ✅ Usunięto: Arrow – S02E22 Ulice w ogniu (episode) – Z:\Plex\Seriale\Arrow Season 2 Complete 720p BluRay x264 [i_c]\Arrow S02e22 Streets Of Fire.mkv
[2025-09-09 00:58:30] ✅ Usunięto: Arrow – S02E23 Niemożliwy wybór (episode) – Z:\Plex\Seriale\Arrow Season 2 Complete 720p BluRay x264 [i_c]\Arrow S02e23 Unthinkable.mkv
[2025-09-09 00:58:32] ✅ Usunięto: Arrow – S03E01 Wyciszenie (episode) – Z:\Plex\Seriale\Arrow Season 3 Complete 720p WEB-DL x264 [i_c]\Arrow S03e01 The Calm.mkv
[2025-09-09 00:58:34] ✅ Usunięto: Arrow – S03E02 Sara (episode) – Z:\Plex\Seriale\Arrow Season 3 Complete 720p WEB-DL x264 [i_c]\Arrow S03e02 Sara.mkv
[2025-09-09 00:58:35] ✅ Usunięto: Arrow – S03E03 Corto Maltese (episode) – Z:\Plex\Seriale\Arrow Season 3 Complete 720p WEB-DL x264 [i_c]\Arrow S03e03 Corto Maltese.mkv
[2025-09-09 00:58:37] ✅ Usunięto: Arrow – S03E04 Magik (episode) – Z:\Plex\Seriale\Arrow Season 3 Complete 720p WEB-DL x264 [i_c]\Arrow S03e04 The Magician.mkv
[2025-09-09 00:58:38] ✅ Usunięto: Arrow – S03E05 Tajemnicza przeszłość Felicity Smoak (episode) – Z:\Plex\Seriale\Arrow Season 3 Complete 720p WEB-DL x264 [i_c]\Arrow S03e05 The Secret Origin Of Felicity Smoak.mkv
[2025-09-09 00:58:40] ✅ Usunięto: Arrow – S03E06 Winny (episode) – Z:\Plex\Seriale\Arrow Season 3 Complete 720p WEB-DL x264 [i_c]\Arrow S03e06 Guilty.mkv
[2025-09-09 00:58:42] ✅ Usunięto: Arrow – S03E07 Napiąć łuk (episode) – Z:\Plex\Seriale\Arrow Season 3 Complete 720p WEB-DL x264 [i_c]\Arrow S03e07 Draw Back Your Bow.mkv
[2025-09-09 00:58:43] ✅ Usunięto: Arrow – S03E08 Dzielni i odważni (2) (episode) – Z:\Plex\Seriale\Arrow Season 3 Complete 720p WEB-DL x264 [i_c]\Arrow S03e08 The Brave And The Bold.mkv
[2025-09-09 00:58:44] ✅ Usunięto: Arrow – S03E09 Wspinaczka (episode) – Z:\Plex\Seriale\Arrow Season 3 Complete 720p WEB-DL x264 [i_c]\Arrow S03e09 The Climb.mkv
[2025-09-09 00:58:46] ✅ Usunięto: Arrow – S03E10 Osamotniona (episode) – Z:\Plex\Seriale\Arrow Season 3 Complete 720p WEB-DL x264 [i_c]\Arrow S03e10 Left Behind.mkv
[2025-09-09 00:58:47] ✅ Usunięto: Arrow – S03E11 Nocne miasto (episode) – Z:\Plex\Seriale\Arrow Season 3 Complete 720p WEB-DL x264 [i_c]\Arrow S03e11 Midnight City.mkv
[2025-09-09 00:58:48] ✅ Usunięto: Arrow – S03E12 Bunt (episode) – Z:\Plex\Seriale\Arrow Season 3 Complete 720p WEB-DL x264 [i_c]\Arrow S03e12 Uprising.mkv
[2025-09-09 00:58:50] ✅ Usunięto: Arrow – S03E13 Kanarki (episode) – Z:\Plex\Seriale\Arrow Season 3 Complete 720p WEB-DL x264 [i_c]\Arrow S03e13 Canaries.mkv
[2025-09-09 00:58:50] ✅ Usunięto: Arrow – S03E14 Powrót (episode) – Z:\Plex\Seriale\Arrow Season 3 Complete 720p WEB-DL x264 [i_c]\Arrow S03e14 The Return.mkv
[2025-09-09 00:58:51] ✅ Usunięto: Arrow – S03E15 Nanda Parbat (episode) – Z:\Plex\Seriale\Arrow Season 3 Complete 720p WEB-DL x264 [i_c]\Arrow S03e15 Nanda Parbat.mkv
[2025-09-09 00:58:52] ✅ Usunięto: Arrow – S03E16 Oferta (episode) – Z:\Plex\Seriale\Arrow Season 3 Complete 720p WEB-DL x264 [i_c]\Arrow S03e16 The Offer.mkv
[2025-09-09 00:58:54] ✅ Usunięto: Arrow – S03E17 Tendencje samobójcze (episode) – Z:\Plex\Seriale\Arrow Season 3 Complete 720p WEB-DL x264 [i_c]\Arrow S03e17 Suicidal Tendencies.mkv
[2025-09-09 00:58:55] ✅ Usunięto: Arrow – S03E18 Wróg publiczny (episode) – Z:\Plex\Seriale\Arrow Season 3 Complete 720p WEB-DL x264 [i_c]\Arrow S03e18 Public Enemy.mkv
[2025-09-09 00:58:56] ✅ Usunięto: Arrow – S03E19 Złamana Strzała (episode) – Z:\Plex\Seriale\Arrow Season 3 Complete 720p WEB-DL x264 [i_c]\Arrow S03e19 Broken Arrow.mkv
[2025-09-09 00:58:57] ✅ Usunięto: Arrow – S03E20 Upadek (episode) – Z:\Plex\Seriale\Arrow Season 3 Complete 720p WEB-DL x264 [i_c]\Arrow S03e20 The Fallen.mkv
[2025-09-09 00:58:58] ✅ Usunięto: Arrow – S03E21 Al Sah-him (episode) – Z:\Plex\Seriale\Arrow Season 3 Complete 720p WEB-DL x264 [i_c]\Arrow S03e21 Al Sah-Him.mkv
[2025-09-09 00:58:59] ✅ Usunięto: Arrow – S03E22 Oto twój miecz (episode) – Z:\Plex\Seriale\Arrow Season 3 Complete 720p WEB-DL x264 [i_c]\Arrow S03e22 This Is Your Sword.mkv
[2025-09-09 00:59:00] ✅ Usunięto: Arrow – S03E23 Nazywam się Oliver Queen (episode) – Z:\Plex\Seriale\Arrow Season 3 Complete 720p WEB-DL x264 [i_c]\Arrow S03e23 My Name Is Oliver Queen.mkv
[2025-09-09 00:59:01] ✅ Usunięto: Arrow – S04E01 Zielona Strzała (episode) – Z:\Plex\Seriale\Arrow Season 4 Complete 720p WEB-DL x264 [i_c]\Arrow S04e01 Green Arrow.mkv
[2025-09-09 00:59:02] ✅ Usunięto: Arrow – S04E02 Kandydat (episode) – Z:\Plex\Seriale\Arrow Season 4 Complete 720p WEB-DL x264 [i_c]\Arrow S04e02 The Candidate.mkv
[2025-09-09 00:59:04] ✅ Usunięto: Arrow – S04E03 Odrodzenie (episode) – Z:\Plex\Seriale\Arrow Season 4 Complete 720p WEB-DL x264 [i_c]\Arrow S04e03 Restoration.mkv
[2025-09-09 00:59:05] ✅ Usunięto: Arrow – S04E04 Poza granicami odkupienia (episode) – Z:\Plex\Seriale\Arrow Season 4 Complete 720p WEB-DL x264 [i_c]\Arrow S04e04 Beyond Redemption.mkv
[2025-09-09 00:59:07] ✅ Usunięto: Arrow – S04E05 Upiory przeszłości (episode) – Z:\Plex\Seriale\Arrow Season 4 Complete 720p WEB-DL x264 [i_c]\Arrow S04e05 Haunted.mkv
[2025-09-09 00:59:10] ✅ Usunięto: Arrow – S04E06 Zagubione dusze (episode) – Z:\Plex\Seriale\Arrow Season 4 Complete 720p WEB-DL x264 [i_c]\Arrow S04e06 Lost Souls.mkv
[2025-09-09 00:59:11] ✅ Usunięto: Arrow – S04E07 Braterstwo (episode) – Z:\Plex\Seriale\Arrow Season 4 Complete 720p WEB-DL x264 [i_c]\Arrow S04e07 Brotherhood.mkv
[2025-09-09 00:59:12] ✅ Usunięto: Arrow – S04E08 Legendy dnia wczorajszego (2) (episode) – Z:\Plex\Seriale\Arrow Season 4 Complete 720p WEB-DL x264 [i_c]\Arrow S04e08 Legends Of Yesterday.mkv
[2025-09-09 00:59:13] ✅ Usunięto: Arrow – S04E09 Ponura zatoka (episode) – Z:\Plex\Seriale\Arrow Season 4 Complete 720p WEB-DL x264 [i_c]\Arrow S04e09 Dark Waters.mkv
[2025-09-09 00:59:14] ✅ Usunięto: Arrow – S04E10 Krwawe porachunki (episode) – Z:\Plex\Seriale\Arrow Season 4 Complete 720p WEB-DL x264 [i_c]\Arrow S04e10 Blood Debts.mkv
